<?xml version="1.0" encoding="UTF-8"?>
<!-- Generated by org.testng.reporters.JUnitReportReporter -->
<testsuite hostname="IFOCUS-PC35" failures="1" tests="1" name="API_VootKids.CreateProfile" time="227.232" errors="0" timestamp="2 May 2018 05:03:10 GMT">
  <testcase classname="API_VootKids.CreateProfile" name="Create_Profiles" time="227.232">
    <failure message="The following asserts failed:
	expected [Invalid KS format. The API failed to retrieve the data.] but found [UserDoesNotExist],
	expected [Invalid KS format. The API failed to retrieve the data.] but found [UserDoesNotExist],
	expected [OK] but found [The profile.name may only contain letters.],
	expected [Please enter a valid profile name.] but found [The profile.name may only contain letters.],
	expected [KS expired] but found [Undefined index: Profile creation limit reached. Max 6 profiles creation is allowed.]" type="java.lang.AssertionError">
      <![CDATA[java.lang.AssertionError: The following asserts failed:
	expected [Invalid KS format. The API failed to retrieve the data.] but found [UserDoesNotExist],
	expected [Invalid KS format. The API failed to retrieve the data.] but found [UserDoesNotExist],
	expected [OK] but found [The profile.name may only contain letters.],
	expected [Please enter a valid profile name.] but found [The profile.name may only contain letters.],
	expected [KS expired] but found [Undefined index: Profile creation limit reached. Max 6 profiles creation is allowed.]
	at org.testng.asserts.SoftAssert.assertAll(SoftAssert.java:43)
	at API_VootKids.CreateProfile.Create_Profiles(CreateProfile.java:300)
	at java.base/jdk.internal.reflect.NativeMethodAccessorImpl.invoke0(Native Method)
	at java.base/jdk.internal.reflect.NativeMethodAccessorImpl.invoke(Unknown Source)
	at java.base/jdk.internal.reflect.DelegatingMethodAccessorImpl.invoke(Unknown Source)
	at java.base/java.lang.reflect.Method.invoke(Unknown Source)
	at org.testng.internal.MethodInvocationHelper.invokeMethod(MethodInvocationHelper.java:86)
	at org.testng.internal.Invoker.invokeMethod(Invoker.java:643)
	at org.testng.internal.Invoker.invokeTestMethod(Invoker.java:820)
	at org.testng.internal.Invoker.invokeTestMethods(Invoker.java:1128)
	at org.testng.internal.TestMethodWorker.invokeTestMethods(TestMethodWorker.java:129)
	at org.testng.internal.TestMethodWorker.run(TestMethodWorker.java:112)
	at org.testng.TestRunner.privateRun(TestRunner.java:782)
	at org.testng.TestRunner.run(TestRunner.java:632)
	at org.testng.SuiteRunner.runTest(SuiteRunner.java:366)
	at org.testng.SuiteRunner.runSequentially(SuiteRunner.java:361)
	at org.testng.SuiteRunner.privateRun(SuiteRunner.java:319)
	at org.testng.SuiteRunner.run(SuiteRunner.java:268)
	at org.testng.SuiteRunnerWorker.runSuite(SuiteRunnerWorker.java:52)
	at org.testng.SuiteRunnerWorker.run(SuiteRunnerWorker.java:86)
	at org.testng.TestNG.runSuitesSequentially(TestNG.java:1244)
	at org.testng.TestNG.runSuitesLocally(TestNG.java:1169)
	at org.testng.TestNG.run(TestNG.java:1064)
	at org.testng.remote.AbstractRemoteTestNG.run(AbstractRemoteTestNG.java:114)
	at org.testng.remote.RemoteTestNG.initAndRun(RemoteTestNG.java:251)
	at org.testng.remote.RemoteTestNG.main(RemoteTestNG.java:77)
]]>
    </failure>
  </testcase> <!-- Create_Profiles -->
</testsuite> <!-- API_VootKids.CreateProfile -->
